<?xml version="1.0" encoding="UTF-8"?>
<testsuite xmlns:xsi="http://www.w3.org/2001/XMLSchema-instance" xsi:noNamespaceSchemaLocation="https://maven.apache.org/surefire/maven-surefire-plugin/xsd/surefire-test-report.xsd" version="3.0.1" name="com.testRunner.TestRunner" time="52.046" tests="12" errors="0" skipped="0" failures="1">
  <properties>
[...]
</properties>
  <testcase name="runScenario[&quot;Filter -&gt; Name (Z to A)&quot;, &quot;Testing the Filter&quot;](1)" classname="com.testRunner.TestRunner" time="42.83">
    <system-out><![CDATA[
&amp#27;[1mScenario:&amp#27;[22m Filter -> Price (Low to High)                   &amp#27;[90m# src/test/resources/com.feature/Filter.feature:11&amp#27;[39m

&amp#27;[1mScenario:&amp#27;[22m Filter -> Name (A to Z)                     &amp#27;[90m# src/test/resources/com.feature/Filter.feature:19&amp#27;[39m

&amp#27;[1mScenario Outline:&amp#27;[22m Login with valid credentials                           &amp#27;[90m# src/test/resources/com.feature/Login.feature:12&amp#27;[39m

&amp#27;[1mScenario Outline:&amp#27;[22m Login with valid credentials                          &amp#27;[90m# src/test/resources/com.feature/Login.feature:14&amp#27;[39m

&amp#27;[1mScenario Outline:&amp#27;[22m Login with valid credentials                                     &amp#27;[90m# src/test/resources/com.feature/Login.feature:15&amp#27;[39m

&amp#27;[1mScenario:&amp#27;[22m Filter -> Price (High to Low)                   &amp#27;[90m# src/test/resources/com.feature/Filter.feature:15&amp#27;[39m

&amp#27;[1mScenario:&amp#27;[22m Filter -> Name (Z to A)                      &amp#27;[90m# src/test/resources/com.feature/Filter.feature:7&amp#27;[39m

&amp#27;[1mScenario:&amp#27;[22m Verify Checkout                    &amp#27;[90m# src/test/resources/com.feature/Cart.feature:10&amp#27;[39m

&amp#27;[1mScenario Outline:&amp#27;[22m Login with valid credentials                             &amp#27;[90m# src/test/resources/com.feature/Login.feature:13&amp#27;[39m

&amp#27;[1mScenario:&amp#27;[22m Verify Add to Cart                &amp#27;[90m# src/test/resources/com.feature/Cart.feature:7&amp#27;[39m
https://www.saucedemo.com/
https://www.saucedemo.com/
https://www.saucedemo.com/
https://www.saucedemo.com/
  &amp#27;[32m✔&amp#27;[39m &amp#27;[32m&amp#27;[1mGiven &amp#27;[22muser navigates to login page&amp#27;[39m                                  &amp#27;[90m# com.stepDefinitions.LoginTestSteps.user_navigates_to_login_page()&amp#27;[39m
  &amp#27;[32m✔&amp#27;[39m &amp#27;[32m&amp#27;[1mGiven &amp#27;[22muser navigates to login page&amp#27;[39m                                     &amp#27;[90m# com.stepDefinitions.LoginTestSteps.user_navigates_to_login_page()&amp#27;[39m
  &amp#27;[32m✔&amp#27;[39m &amp#27;[32m&amp#27;[1mGiven &amp#27;[22muser navigates to login page&amp#27;[39m                                   &amp#27;[90m# com.stepDefinitions.LoginTestSteps.user_navigates_to_login_page()&amp#27;[39m
  &amp#27;[32m✔&amp#27;[39m &amp#27;[32m&amp#27;[1mGiven &amp#27;[22muser navigates to login page&amp#27;[39m                                             &amp#27;[90m# com.stepDefinitions.LoginTestSteps.user_navigates_to_login_page()&amp#27;[39m
  &amp#27;[32m✔&amp#27;[39m &amp#27;[32m&amp#27;[1mAnd &amp#27;[22muser enters valid email address &amp#27;[1m"locked_out_user"&amp#27;[22m into email field&amp#27;[39m &amp#27;[90m# com.stepDefinitions.LoginTestSteps.user_enters_valid_email_address_into_email_field(java.lang.String)&amp#27;[39m
  &amp#27;[32m✔&amp#27;[39m &amp#27;[32m&amp#27;[1mAnd &amp#27;[22muser enters valid email address &amp#27;[1m"standard_user"&amp#27;[22m into email field&amp#27;[39m &amp#27;[90m# com.stepDefinitions.LoginTestSteps.user_enters_valid_email_address_into_email_field(java.lang.String)&amp#27;[39m
  &amp#27;[32m✔&amp#27;[39m &amp#27;[32m&amp#27;[1mAnd &amp#27;[22muser enters valid email address &amp#27;[1m"problem_user"&amp#27;[22m into email field&amp#27;[39m &amp#27;[90m# com.stepDefinitions.LoginTestSteps.user_enters_valid_email_address_into_email_field(java.lang.String)&amp#27;[39m
  &amp#27;[32m✔&amp#27;[39m &amp#27;[32m&amp#27;[1mAnd &amp#27;[22muser enters valid email address &amp#27;[1m"performance_glitch_user"&amp#27;[22m into email field&amp#27;[39m &amp#27;[90m# com.stepDefinitions.LoginTestSteps.user_enters_valid_email_address_into_email_field(java.lang.String)&amp#27;[39m
  &amp#27;[32m✔&amp#27;[39m &amp#27;[32m&amp#27;[1mGiven &amp#27;[22muser login with valid credentials&amp#27;[39m &amp#27;[90m# com.stepDefinitions.FilterTestSteps.user_login_with_valid_credentials()&amp#27;[39m
  &amp#27;[32m✔&amp#27;[39m &amp#27;[32m&amp#27;[1mAnd &amp#27;[22muser adds Backpack&amp#27;[39m                  &amp#27;[90m# com.stepDefinitions.CartTestSteps.user_adds_backpack()&amp#27;[39m
  &amp#27;[32m✔&amp#27;[39m &amp#27;[32m&amp#27;[1mAnd &amp#27;[22muser enters valid password &amp#27;[1m"secret_sauce"&amp#27;[22m into password field&amp#27;[39m   &amp#27;[90m# com.stepDefinitions.LoginTestSteps.user_enters_valid_password_into_password_field(java.lang.String)&amp#27;[39m
  &amp#27;[32m✔&amp#27;[39m &amp#27;[32m&amp#27;[1mAnd &amp#27;[22muser enters valid password &amp#27;[1m"secret_sauce"&amp#27;[22m into password field&amp#27;[39m      &amp#27;[90m# com.stepDefinitions.LoginTestSteps.user_enters_valid_password_into_password_field(java.lang.String)&amp#27;[39m
  &amp#27;[32m✔&amp#27;[39m &amp#27;[32m&amp#27;[1mAnd &amp#27;[22muser enters valid password &amp#27;[1m"secret_sauce"&amp#27;[22m into password field&amp#27;[39m    &amp#27;[90m# com.stepDefinitions.LoginTestSteps.user_enters_valid_password_into_password_field(java.lang.String)&amp#27;[39m
  &amp#27;[32m✔&amp#27;[39m &amp#27;[32m&amp#27;[1mAnd &amp#27;[22muser enters valid password &amp#27;[1m"secret_sauce"&amp#27;[22m into password field&amp#27;[39m              &amp#27;[90m# com.stepDefinitions.LoginTestSteps.user_enters_valid_password_into_password_field(java.lang.String)&amp#27;[39m
1
  &amp#27;[32m✔&amp#27;[39m &amp#27;[32m&amp#27;[1mThen &amp#27;[22mcart count should be &amp#27;[1m1&amp#27;[22m&amp#27;[39m             &amp#27;[90m# com.stepDefinitions.CartTestSteps.cart_count_should_be(java.lang.Integer)&amp#27;[39m
  &amp#27;[32m✔&amp#27;[39m &amp#27;[32m&amp#27;[1mGiven &amp#27;[22muser login with valid credentials&amp#27;[39m  &amp#27;[90m# com.stepDefinitions.FilterTestSteps.user_login_with_valid_credentials()&amp#27;[39m
  &amp#27;[32m✔&amp#27;[39m &amp#27;[32m&amp#27;[1mGiven &amp#27;[22muser login with valid credentials&amp#27;[39m           &amp#27;[90m# com.stepDefinitions.FilterTestSteps.user_login_with_valid_credentials()&amp#27;[39m
  &amp#27;[32m✔&amp#27;[39m &amp#27;[32m&amp#27;[1mGiven &amp#27;[22muser login with valid credentials&amp#27;[39m               &amp#27;[90m# com.stepDefinitions.FilterTestSteps.user_login_with_valid_credentials()&amp#27;[39m
  &amp#27;[32m✔&amp#27;[39m &amp#27;[32m&amp#27;[1mGiven &amp#27;[22muser login with valid credentials&amp#27;[39m               &amp#27;[90m# com.stepDefinitions.FilterTestSteps.user_login_with_valid_credentials()&amp#27;[39m
  &amp#27;[32m✔&amp#27;[39m &amp#27;[32m&amp#27;[1mGiven &amp#27;[22muser login with valid credentials&amp#27;[39m            &amp#27;[90m# com.stepDefinitions.FilterTestSteps.user_login_with_valid_credentials()&amp#27;[39m
  &amp#27;[32m✔&amp#27;[39m &amp#27;[32m&amp#27;[1mWhen &amp#27;[22muser click the login button&amp#27;[39m                                     &amp#27;[90m# com.stepDefinitions.LoginTestSteps.user_click_the_login_button()&amp#27;[39m
  &amp#27;[32m✔&amp#27;[39m &amp#27;[32m&amp#27;[1mWhen &amp#27;[22muser click the login button&amp#27;[39m                                       &amp#27;[90m# com.stepDefinitions.LoginTestSteps.user_click_the_login_button()&amp#27;[39m
  &amp#27;[32m✔&amp#27;[39m &amp#27;[32m&amp#27;[1mWhen &amp#27;[22muser click the login button&amp#27;[39m                                    &amp#27;[90m# com.stepDefinitions.LoginTestSteps.user_click_the_login_button()&amp#27;[39m
  &amp#27;[32m✔&amp#27;[39m &amp#27;[32m&amp#27;[1mThen &amp#27;[22muser should get the result&amp#27;[39m                                     &amp#27;[90m# com.stepDefinitions.LoginTestSteps.user_should_get_the_result()&amp#27;[39m
  &amp#27;[32m✔&amp#27;[39m &amp#27;[32m&amp#27;[1mThen &amp#27;[22muser should get the result&amp#27;[39m                                      &amp#27;[90m# com.stepDefinitions.LoginTestSteps.user_should_get_the_result()&amp#27;[39m
  &amp#27;[32m✔&amp#27;[39m &amp#27;[32m&amp#27;[1mAnd &amp#27;[22muser adds Backpack&amp#27;[39m                   &amp#27;[90m# com.stepDefinitions.CartTestSteps.user_adds_backpack()&amp#27;[39m
  &amp#27;[32m✔&amp#27;[39m &amp#27;[32m&amp#27;[1mAnd &amp#27;[22muser click the filter button&amp#27;[39m                  &amp#27;[90m# com.stepDefinitions.FilterTestSteps.user_click_the_filter_button()&amp#27;[39m
  &amp#27;[32m✔&amp#27;[39m &amp#27;[32m&amp#27;[1mAnd &amp#27;[22muser click the filter button&amp#27;[39m                      &amp#27;[90m# com.stepDefinitions.FilterTestSteps.user_click_the_filter_button()&amp#27;[39m
  &amp#27;[32m✔&amp#27;[39m &amp#27;[32m&amp#27;[1mAnd &amp#27;[22muser click the filter button&amp#27;[39m                      &amp#27;[90m# com.stepDefinitions.FilterTestSteps.user_click_the_filter_button()&amp#27;[39m
  &amp#27;[32m✔&amp#27;[39m &amp#27;[32m&amp#27;[1mAnd &amp#27;[22muser click the filter button&amp#27;[39m                   &amp#27;[90m# com.stepDefinitions.FilterTestSteps.user_click_the_filter_button()&amp#27;[39m
  &amp#27;[32m✔&amp#27;[39m &amp#27;[32m&amp#27;[1mWhen &amp#27;[22muser select the Name (A to Z) filter&amp#27;[39m         &amp#27;[90m# com.stepDefinitions.FilterTestSteps.user_select_the_name_a_to_z_filter()&amp#27;[39m
  &amp#27;[32m✔&amp#27;[39m &amp#27;[32m&amp#27;[1mWhen &amp#27;[22muser select the Price (Low to High) filter&amp#27;[39m       &amp#27;[90m# com.stepDefinitions.FilterTestSteps.user_select_the_price_low_to_high_filter()&amp#27;[39m
Order Changed
  &amp#27;[32m✔&amp#27;[39m &amp#27;[32m&amp#27;[1mThen &amp#27;[22mall product will change into Ascending order&amp#27;[39m &amp#27;[90m# com.stepDefinitions.FilterTestSteps.all_product_will_change_into_ascending_order()&amp#27;[39m
  &amp#27;[32m✔&amp#27;[39m &amp#27;[32m&amp#27;[1mWhen &amp#27;[22muser select the Price (High to Low) filter&amp#27;[39m       &amp#27;[90m# com.stepDefinitions.FilterTestSteps.user_select_the_price_high_to_low_filter()&amp#27;[39m
  &amp#27;[32m✔&amp#27;[39m &amp#27;[32m&amp#27;[1mWhen &amp#27;[22muser select the Name (Z to A) filter&amp#27;[39m          &amp#27;[90m# com.stepDefinitions.FilterTestSteps.user_select_the_name_z_to_a_filter()&amp#27;[39m
  &amp#27;[32m✔&amp#27;[39m &amp#27;[32m&amp#27;[1mWhen &amp#27;[22muser click the login button&amp#27;[39m                                               &amp#27;[90m# com.stepDefinitions.LoginTestSteps.user_click_the_login_button()&amp#27;[39m
Order Changed
  &amp#27;[32m✔&amp#27;[39m &amp#27;[32m&amp#27;[1mThen &amp#27;[22mall product's price will change into low to high&amp#27;[39m &amp#27;[90m# com.stepDefinitions.FilterTestSteps.all_product_s_price_will_change_into_low_to_high()&amp#27;[39m
Order Changed
  &amp#27;[32m✔&amp#27;[39m &amp#27;[32m&amp#27;[1mThen &amp#27;[22mall product's price will change into high to low&amp#27;[39m &amp#27;[90m# com.stepDefinitions.FilterTestSteps.all_product_s_price_will_change_into_high_to_low()&amp#27;[39m
Order Changed
  &amp#27;[32m✔&amp#27;[39m &amp#27;[32m&amp#27;[1mThen &amp#27;[22mall product will change into descending order&amp#27;[39m &amp#27;[90m# com.stepDefinitions.FilterTestSteps.all_product_will_change_into_descending_order()&amp#27;[39m
  &amp#27;[32m✔&amp#27;[39m &amp#27;[32m&amp#27;[1mThen &amp#27;[22muser should get the result&amp#27;[39m                                                &amp#27;[90m# com.stepDefinitions.LoginTestSteps.user_should_get_the_result()&amp#27;[39m
  &amp#27;[32m✔&amp#27;[39m &amp#27;[32m&amp#27;[1mWhen &amp#27;[22muser proceeds to checkout&amp#27;[39m           &amp#27;[90m# com.stepDefinitions.CartTestSteps.user_proceeds_to_checkout()&amp#27;[39m
  &amp#27;[32m✔&amp#27;[39m &amp#27;[32m&amp#27;[1mThen &amp#27;[22morder should be placed successfully&amp#27;[39m &amp#27;[90m# com.stepDefinitions.CartTestSteps.order_should_be_placed_successfully()&amp#27;[39m
  &amp#27;[31m✘&amp#27;[39m &amp#27;[31m&amp#27;[1mThen &amp#27;[22muser should get the result&amp#27;[39m                                        &amp#27;[90m# com.stepDefinitions.LoginTestSteps.user_should_get_the_result()&amp#27;[39m
        &amp#27;[31morg.openqa.selenium.TimeoutException: Expected condition failed: waiting for visibility of Proxy element for: DefaultElementLocator 'By.xpath: //*[text()="Products"]'&amp#27;[39m
        &amp#27;[31m(tried for 5 seconds with 500 milliseconds interval)&amp#27;[39m
        &amp#27;[31m	at org.openqa.selenium.support.ui.WebDriverWait.timeoutException(WebDriverWait.java:85)&amp#27;[39m
        &amp#27;[31m	at org.openqa.selenium.support.ui.FluentWait.until(FluentWait.java:234)&amp#27;[39m
        &amp#27;[31m	at com.utilities.ElementUtils.waitForVisibilityOfElement(ElementUtils.java:38)&amp#27;[39m
        &amp#27;[31m	at com.utilities.ElementUtils.elementIsDisplayed(ElementUtils.java:89)&amp#27;[39m
        &amp#27;[31m	at com.pages.HomePage.homePageTitleIsDisplay(HomePage.java:36)&amp#27;[39m
        &amp#27;[31m	at com.stepDefinitions.LoginTestSteps.user_should_get_the_result(LoginTestSteps.java:50)&amp#27;[39m
        &amp#27;[31m	at ✽.user should get the result(file:///D:/Eclipse-Project/eclipse-workspace/SaucedemoCucumber/src/test/resources/com.feature/Login.feature:8)&amp#27;[39m
        &amp#27;[31mCaused by: org.openqa.selenium.NoSuchElementException: no such element: Unable to locate element: {"method":"xpath","selector":"//*[text()="Products"]"}&amp#27;[39m
        &amp#27;[31m  (Session info: chrome=151.0.7922.138)&amp#27;[39m
        &amp#27;[31mFor documentation on this error, please visit: https://www.selenium.dev/documentation/webdriver/troubleshooting/errors#nosuchelementexception&amp#27;[39m
        &amp#27;[31mBuild info: version: '4.46.0', revision: 'df5a634 df5a6341cbb5f8f06b836bd595752775627c80dc'&amp#27;[39m
        &amp#27;[31mSystem info: os.name: 'Windows 11', os.arch: 'amd64', os.version: '10.0', java.version: '25.0.1'&amp#27;[39m
        &amp#27;[31mDriver info: org.openqa.selenium.chrome.ChromeDriver&amp#27;[39m
        &amp#27;[31mCommand: [4cbed621c5d32fbd5477161a040a9800, findElement {using=xpath, value=//*[text()="Products"]}]&amp#27;[39m
        &amp#27;[31mCapabilities {acceptInsecureCerts: false, browserName: chrome, browserVersion: 151.0.7922.138, chrome: {chromedriverVersion: 151.0.7922.138 (41fa8244239..., userDataDir: C:\Users\LENOVO\AppData\Loc...}, fedcm:accounts: true, goog:chromeOptions: {debuggerAddress: localhost:55200}, goog:processID: 20148, networkConnectionEnabled: false, pageLoadStrategy: normal, platformName: windows, proxy: Proxy(), se:cdp: ws://localhost:55200/devtoo..., se:cdpVersion: 151.0.7922.138, setWindowRect: true, strictFileInteractability: false, timeouts: {implicit: 0, pageLoad: 300000, script: 30000}, unhandledPromptBehavior: dismiss and notify, webauthn:extension:credBlob: true, webauthn:extension:largeBlob: true, webauthn:extension:minPinLength: true, webauthn:extension:prf: true, webauthn:virtualAuthenticators: true}&amp#27;[39m
        &amp#27;[31mSession ID: 4cbed621c5d32fbd5477161a040a9800&amp#27;[39m
        &amp#27;[31m	at org.openqa.selenium.remote.ErrorCodec.decode(ErrorCodec.java:169)&amp#27;[39m
        &amp#27;[31m	at org.openqa.selenium.remote.codec.w3c.W3CHttpResponseCodec.decode(W3CHttpResponseCodec.java:143)&amp#27;[39m
        &amp#27;[31m	at org.openqa.selenium.remote.codec.w3c.W3CHttpResponseCodec.decode(W3CHttpResponseCodec.java:50)&amp#27;[39m
        &amp#27;[31m	at org.openqa.selenium.remote.HttpCommandExecutor.execute(HttpCommandExecutor.java:196)&amp#27;[39m
        &amp#27;[31m	at org.openqa.selenium.remote.service.DriverCommandExecutor.invokeExecute(DriverCommandExecutor.java:217)&amp#27;[39m
        &amp#27;[31m	at org.openqa.selenium.remote.service.DriverCommandExecutor.execute(DriverCommandExecutor.java:175)&amp#27;[39m
        &amp#27;[31m	at org.openqa.selenium.remote.RemoteWebDriver.execute(RemoteWebDriver.java:626)&amp#27;[39m
        &amp#27;[31m	at org.openqa.selenium.remote.ElementLocation$ElementFinder$2.findElement(ElementLocation.java:173)&amp#27;[39m
        &amp#27;[31m	at org.openqa.selenium.remote.ElementLocation.findElement(ElementLocation.java:60)&amp#27;[39m
        &amp#27;[31m	at org.openqa.selenium.remote.RemoteWebDriver.findElement(RemoteWebDriver.java:406)&amp#27;[39m
        &amp#27;[31m	at org.openqa.selenium.remote.RemoteWebDriver.findElement(RemoteWebDriver.java:400)&amp#27;[39m
        &amp#27;[31m	at org.openqa.selenium.support.pagefactory.DefaultElementLocator.findElement(DefaultElementLocator.java:69)&amp#27;[39m
        &amp#27;[31m	at org.openqa.selenium.support.pagefactory.internal.LocatingElementHandler.invoke(LocatingElementHandler.java:38)&amp#27;[39m
        &amp#27;[31m	at jdk.proxy2/jdk.proxy2.$Proxy28.isDisplayed(Unknown Source)&amp#27;[39m
        &amp#27;[31m	at org.openqa.selenium.support.ui.ExpectedConditions.elementIfVisible(ExpectedConditions.java:365)&amp#27;[39m
        &amp#27;[31m	at org.openqa.selenium.support.ui.ExpectedConditions$10.apply(ExpectedConditions.java:351)&amp#27;[39m
        &amp#27;[31m	at org.openqa.selenium.support.ui.ExpectedConditions$10.apply(ExpectedConditions.java:348)&amp#27;[39m
        &amp#27;[31m	at org.openqa.selenium.support.ui.FluentWait.until(FluentWait.java:210)&amp#27;[39m
        &amp#27;[31m	... 5 more&amp#27;[39m

        &amp#27;[34mEmbedding Failed Screenhot [image/png 48567 bytes]&amp#27;[39m

]]></system-out>
    <system-err><![CDATA[SLF4J(W): No SLF4J providers were found.
SLF4J(W): Defaulting to no-operation (NOP) logger implementation
SLF4J(W): See https://www.slf4j.org/codes.html#noProviders for further details.
Aug 18, 2026 11:53:59 AM org.openqa.selenium.devtools.CdpVersionFinder findNearestMatch
WARNING: Unable to find an exact match for CDP version 151, returning the closest version; found: 150; Please update to a Selenium version that supports CDP version 151
Aug 18, 2026 11:53:59 AM org.openqa.selenium.devtools.CdpVersionFinder findNearestMatch
WARNING: Unable to find an exact match for CDP version 151, returning the closest version; found: 150; Please update to a Selenium version that supports CDP version 151
Aug 18, 2026 11:53:59 AM org.openqa.selenium.devtools.CdpVersionFinder findNearestMatch
WARNING: Unable to find an exact match for CDP version 151, returning the closest version; found: 150; Please update to a Selenium version that supports CDP version 151
Aug 18, 2026 11:53:59 AM org.openqa.selenium.devtools.CdpVersionFinder findNearestMatch
WARNING: Unable to find an exact match for CDP version 151, returning the closest version; found: 150; Please update to a Selenium version that supports CDP version 151
Aug 18, 2026 11:53:59 AM org.openqa.selenium.devtools.CdpVersionFinder findNearestMatch
WARNING: Unable to find an exact match for CDP version 151, returning the closest version; found: 150; Please update to a Selenium version that supports CDP version 151
Aug 18, 2026 11:53:59 AM org.openqa.selenium.devtools.CdpVersionFinder findNearestMatch
WARNING: Unable to find an exact match for CDP version 151, returning the closest version; found: 150; Please update to a Selenium version that supports CDP version 151
Aug 18, 2026 11:53:59 AM org.openqa.selenium.devtools.CdpVersionFinder findNearestMatch
WARNING: Unable to find an exact match for CDP version 151, returning the closest version; found: 150; Please update to a Selenium version that supports CDP version 151
Aug 18, 2026 11:53:59 AM org.openqa.selenium.devtools.CdpVersionFinder findNearestMatch
WARNING: Unable to find an exact match for CDP version 151, returning the closest version; found: 150; Please update to a Selenium version that supports CDP version 151
Aug 18, 2026 11:53:59 AM org.openqa.selenium.devtools.CdpVersionFinder findNearestMatch
WARNING: Unable to find an exact match for CDP version 151, returning the closest version; found: 150; Please update to a Selenium version that supports CDP version 151
Aug 18, 2026 11:53:59 AM org.openqa.selenium.devtools.CdpVersionFinder findNearestMatch
WARNING: Unable to find an exact match for CDP version 151, returning the closest version; found: 150; Please update to a Selenium version that supports CDP version 151
]]></system-err>
  </testcase>
  <testcase name="runScenario[&quot;Login with valid credentials&quot;, &quot;Login Functionality&quot;](2)" classname="com.testRunner.TestRunner" time="0.035">
    <system-out><![CDATA[
&amp#27;[1mScenario Outline:&amp#27;[22m Login with valid credentials                        &amp#27;[90m# src/test/resources/com.feature/Login.feature:16&amp#27;[39m
]]></system-out>
  </testcase>
  <testcase name="runScenario[&quot;Filter -&gt; Price (High to Low)&quot;, &quot;Testing the Filter&quot;](3)" classname="com.testRunner.TestRunner" time="0.067">
    <system-out><![CDATA[
&amp#27;[1mScenario Outline:&amp#27;[22m Login with valid credentials                         &amp#27;[90m# src/test/resources/com.feature/Login.feature:17&amp#27;[39m
]]></system-out>
  </testcase>
  <testcase name="runScenario[&quot;Verify Checkout&quot;, &quot;Testing the Cart&quot;](4)" classname="com.testRunner.TestRunner" time="0.234"/>
  <testcase name="runScenario[&quot;Filter -&gt; Price (Low to High)&quot;, &quot;Testing the Filter&quot;](5)" classname="com.testRunner.TestRunner" time="0.363"/>
  <testcase name="runScenario[&quot;Filter -&gt; Name (A to Z)&quot;, &quot;Testing the Filter&quot;](6)" classname="com.testRunner.TestRunner" time="0.371"/>
  <testcase name="runScenario[&quot;Verify Add to Cart&quot;, &quot;Testing the Cart&quot;](7)" classname="com.testRunner.TestRunner" time="0.373"/>
  <testcase name="runScenario[&quot;Login with valid credentials&quot;, &quot;Login Functionality&quot;](8)" classname="com.testRunner.TestRunner" time="0.404"/>
  <testcase name="runScenario[&quot;Login with valid credentials&quot;, &quot;Login Functionality&quot;](9)" classname="com.testRunner.TestRunner" time="0.434">
    <failure message="Expected condition failed: waiting for visibility of Proxy element for: DefaultElementLocator &apos;By.xpath: //*[text()=&quot;Products&quot;]&apos;&#10;(tried for 5 seconds with 500 milliseconds interval)" type="org.openqa.selenium.TimeoutException"><![CDATA[org.openqa.selenium.TimeoutException: 
Expected condition failed: waiting for visibility of Proxy element for: DefaultElementLocator 'By.xpath: //*[text()="Products"]'
(tried for 5 seconds with 500 milliseconds interval)
	at org.openqa.selenium.support.ui.WebDriverWait.timeoutException(WebDriverWait.java:85)
	at org.openqa.selenium.support.ui.FluentWait.until(FluentWait.java:234)
	at com.utilities.ElementUtils.waitForVisibilityOfElement(ElementUtils.java:38)
	at com.utilities.ElementUtils.elementIsDisplayed(ElementUtils.java:89)
	at com.pages.HomePage.homePageTitleIsDisplay(HomePage.java:36)
	at com.stepDefinitions.LoginTestSteps.user_should_get_the_result(LoginTestSteps.java:50)
	at ✽.user should get the result(file:///D:/Eclipse-Project/eclipse-workspace/SaucedemoCucumber/src/test/resources/com.feature/Login.feature:8)
Caused by: org.openqa.selenium.NoSuchElementException: no such element: Unable to locate element: {"method":"xpath","selector":"//*[text()="Products"]"}
  (Session info: chrome=151.0.7922.138)
For documentation on this error, please visit: https://www.selenium.dev/documentation/webdriver/troubleshooting/errors#nosuchelementexception
Build info: version: '4.46.0', revision: 'df5a634 df5a6341cbb5f8f06b836bd595752775627c80dc'
System info: os.name: 'Windows 11', os.arch: 'amd64', os.version: '10.0', java.version: '25.0.1'
Driver info: org.openqa.selenium.chrome.ChromeDriver
Command: [4cbed621c5d32fbd5477161a040a9800, findElement {using=xpath, value=//*[text()="Products"]}]
Capabilities {acceptInsecureCerts: false, browserName: chrome, browserVersion: 151.0.7922.138, chrome: {chromedriverVersion: 151.0.7922.138 (41fa8244239..., userDataDir: C:\Users\LENOVO\AppData\Loc...}, fedcm:accounts: true, goog:chromeOptions: {debuggerAddress: localhost:55200}, goog:processID: 20148, networkConnectionEnabled: false, pageLoadStrategy: normal, platformName: windows, proxy: Proxy(), se:cdp: ws://localhost:55200/devtoo..., se:cdpVersion: 151.0.7922.138, setWindowRect: true, strictFileInteractability: false, timeouts: {implicit: 0, pageLoad: 300000, script: 30000}, unhandledPromptBehavior: dismiss and notify, webauthn:extension:credBlob: true, webauthn:extension:largeBlob: true, webauthn:extension:minPinLength: true, webauthn:extension:prf: true, webauthn:virtualAuthenticators: true}
Session ID: 4cbed621c5d32fbd5477161a040a9800
	at org.openqa.selenium.remote.ErrorCodec.decode(ErrorCodec.java:169)
	at org.openqa.selenium.remote.codec.w3c.W3CHttpResponseCodec.decode(W3CHttpResponseCodec.java:143)
	at org.openqa.selenium.remote.codec.w3c.W3CHttpResponseCodec.decode(W3CHttpResponseCodec.java:50)
	at org.openqa.selenium.remote.HttpCommandExecutor.execute(HttpCommandExecutor.java:196)
	at org.openqa.selenium.remote.service.DriverCommandExecutor.invokeExecute(DriverCommandExecutor.java:217)
	at org.openqa.selenium.remote.service.DriverCommandExecutor.execute(DriverCommandExecutor.java:175)
	at org.openqa.selenium.remote.RemoteWebDriver.execute(RemoteWebDriver.java:626)
	at org.openqa.selenium.remote.ElementLocation$ElementFinder$2.findElement(ElementLocation.java:173)
	at org.openqa.selenium.remote.ElementLocation.findElement(ElementLocation.java:60)
	at org.openqa.selenium.remote.RemoteWebDriver.findElement(RemoteWebDriver.java:406)
	at org.openqa.selenium.remote.RemoteWebDriver.findElement(RemoteWebDriver.java:400)
	at org.openqa.selenium.support.pagefactory.DefaultElementLocator.findElement(DefaultElementLocator.java:69)
	at org.openqa.selenium.support.pagefactory.internal.LocatingElementHandler.invoke(LocatingElementHandler.java:38)
	at jdk.proxy2/jdk.proxy2.$Proxy28.isDisplayed(Unknown Source)
	at org.openqa.selenium.support.ui.ExpectedConditions.elementIfVisible(ExpectedConditions.java:365)
	at org.openqa.selenium.support.ui.ExpectedConditions$10.apply(ExpectedConditions.java:351)
	at org.openqa.selenium.support.ui.ExpectedConditions$10.apply(ExpectedConditions.java:348)
	at org.openqa.selenium.support.ui.FluentWait.until(FluentWait.java:210)
	... 5 more
]]></failure>
  </testcase>
  <testcase name="runScenario[&quot;Login with valid credentials&quot;, &quot;Login Functionality&quot;](10)" classname="com.testRunner.TestRunner" time="0.45"/>
  <testcase name="runScenario[&quot;Login with valid credentials&quot;, &quot;Login Functionality&quot;](11)" classname="com.testRunner.TestRunner" time="4.744">
    <system-out><![CDATA[https://www.saucedemo.com/
  &amp#27;[32m✔&amp#27;[39m &amp#27;[32m&amp#27;[1mGiven &amp#27;[22muser navigates to login page&amp#27;[39m                                 &amp#27;[90m# com.stepDefinitions.LoginTestSteps.user_navigates_to_login_page()&amp#27;[39m
https://www.saucedemo.com/
  &amp#27;[32m✔&amp#27;[39m &amp#27;[32m&amp#27;[1mGiven &amp#27;[22muser navigates to login page&amp#27;[39m                                &amp#27;[90m# com.stepDefinitions.LoginTestSteps.user_navigates_to_login_page()&amp#27;[39m
  &amp#27;[32m✔&amp#27;[39m &amp#27;[32m&amp#27;[1mAnd &amp#27;[22muser enters valid email address &amp#27;[1m"visual_user"&amp#27;[22m into email field&amp#27;[39m &amp#27;[90m# com.stepDefinitions.LoginTestSteps.user_enters_valid_email_address_into_email_field(java.lang.String)&amp#27;[39m
  &amp#27;[32m✔&amp#27;[39m &amp#27;[32m&amp#27;[1mAnd &amp#27;[22muser enters valid email address &amp#27;[1m"error_user"&amp#27;[22m into email field&amp#27;[39m &amp#27;[90m# com.stepDefinitions.LoginTestSteps.user_enters_valid_email_address_into_email_field(java.lang.String)&amp#27;[39m
  &amp#27;[32m✔&amp#27;[39m &amp#27;[32m&amp#27;[1mAnd &amp#27;[22muser enters valid password &amp#27;[1m"secret_sauce"&amp#27;[22m into password field&amp#27;[39m  &amp#27;[90m# com.stepDefinitions.LoginTestSteps.user_enters_valid_password_into_password_field(java.lang.String)&amp#27;[39m
  &amp#27;[32m✔&amp#27;[39m &amp#27;[32m&amp#27;[1mAnd &amp#27;[22muser enters valid password &amp#27;[1m"secret_sauce"&amp#27;[22m into password field&amp#27;[39m &amp#27;[90m# com.stepDefinitions.LoginTestSteps.user_enters_valid_password_into_password_field(java.lang.String)&amp#27;[39m
  &amp#27;[32m✔&amp#27;[39m &amp#27;[32m&amp#27;[1mWhen &amp#27;[22muser click the login button&amp#27;[39m                                   &amp#27;[90m# com.stepDefinitions.LoginTestSteps.user_click_the_login_button()&amp#27;[39m
  &amp#27;[32m✔&amp#27;[39m &amp#27;[32m&amp#27;[1mWhen &amp#27;[22muser click the login button&amp#27;[39m                                  &amp#27;[90m# com.stepDefinitions.LoginTestSteps.user_click_the_login_button()&amp#27;[39m
  &amp#27;[32m✔&amp#27;[39m &amp#27;[32m&amp#27;[1mThen &amp#27;[22muser should get the result&amp#27;[39m                                    &amp#27;[90m# com.stepDefinitions.LoginTestSteps.user_should_get_the_result()&amp#27;[39m
  &amp#27;[32m✔&amp#27;[39m &amp#27;[32m&amp#27;[1mThen &amp#27;[22muser should get the result&amp#27;[39m                                   &amp#27;[90m# com.stepDefinitions.LoginTestSteps.user_should_get_the_result()&amp#27;[39m
]]></system-out>
    <system-err><![CDATA[Aug 18, 2026 11:54:29 AM org.openqa.selenium.devtools.CdpVersionFinder findNearestMatch
WARNING: Unable to find an exact match for CDP version 151, returning the closest version; found: 150; Please update to a Selenium version that supports CDP version 151
Aug 18, 2026 11:54:29 AM org.openqa.selenium.devtools.CdpVersionFinder findNearestMatch
WARNING: Unable to find an exact match for CDP version 151, returning the closest version; found: 150; Please update to a Selenium version that supports CDP version 151
]]></system-err>
  </testcase>
  <testcase name="runScenario[&quot;Login with valid credentials&quot;, &quot;Login Functionality&quot;](12)" classname="com.testRunner.TestRunner" time="5.003"/>
</testsuite>