<?xml version="1.0" encoding="UTF-8"?>
<!-- Generated by org.testng.reporters.JUnitReportReporter -->
<testsuite hostname="DESKTOP-579AL9F" failures="0" tests="5" name="com.testRunner.TestRunner" time="19.781" errors="0" timestamp="2026-09-07T15:58:50 IST" skipped="0">
  <testcase classname="com.testRunner.TestRunner" name="runScenario" time="2.686"/>
  <testcase classname="com.testRunner.TestRunner" name="runScenario" time="2.669"/>
  <testcase classname="com.testRunner.TestRunner" name="runScenario" time="3.938"/>
  <testcase classname="com.testRunner.TestRunner" name="runScenario" time="2.653"/>
  <testcase classname="com.testRunner.TestRunner" name="runScenario" time="7.835"/>
</testsuite> <!-- com.testRunner.TestRunner -->
