<?xml version="1.0" encoding="UTF-8"?>
<!-- Generated by org.testng.reporters.JUnitReportReporter -->
<testsuite hostname="DESKTOP-579AL9F" failures="0" tests="4" name="com.testRunner.TestRunner" time="51.865" errors="0" timestamp="2026-08-25T15:58:54 IST" skipped="0">
  <testcase classname="com.testRunner.TestRunner" name="runScenario" time="12.650"/>
  <testcase classname="com.testRunner.TestRunner" name="runScenario" time="13.044"/>
  <testcase classname="com.testRunner.TestRunner" name="runScenario" time="13.091"/>
  <testcase classname="com.testRunner.TestRunner" name="runScenario" time="13.080"/>
</testsuite> <!-- com.testRunner.TestRunner -->
